<?xml version="1.0" encoding="UTF-8"?>
<testng-results ignored="0" total="2" passed="2" failed="0" skipped="0">
  <reporter-output>
  </reporter-output>
  <suite started-at="2024-08-09T17:11:57 IST" name="Default suite" finished-at="2024-08-09T17:12:36 IST" duration-ms="39790">
    <groups>
      <group name="cucumber">
        <method signature="AbstractTestNGCucumberTests.runScenario(io.cucumber.testng.PickleWrapper,io.cucumber.testng.FeatureWrapper)[pri:0, instance:runner.RunCucumberTest@74e28667]" name="runScenario" class="io.cucumber.testng.AbstractTestNGCucumberTests"/>
      </group> <!-- cucumber -->
    </groups>
    <test started-at="2024-08-09T17:11:57 IST" name="Default test" finished-at="2024-08-09T17:12:36 IST" duration-ms="39790">
      <class name="runner.RunCucumberTest">
        <test-method is-config="true" signature="setUpClass(org.testng.ITestContext)[pri:0, instance:runner.RunCucumberTest@74e28667]" started-at="2024-08-09T17:11:57 IST" name="setUpClass" finished-at="2024-08-09T17:11:57 IST" duration-ms="567" status="PASS">
          <params>
            <param index="0">
              <value>
                <![CDATA[org.testng.TestRunner@6812c8cc]]>
              </value>
            </param>
          </params>
          <reporter-output>
          </reporter-output>
        </test-method> <!-- setUpClass -->
        <test-method signature="runScenario(io.cucumber.testng.PickleWrapper,io.cucumber.testng.FeatureWrapper)[pri:0, instance:runner.RunCucumberTest@74e28667]" started-at="2024-08-09T17:11:57 IST" name="runScenario" description="Runs Cucumber Scenarios" data-provider="scenarios" finished-at="2024-08-09T17:12:18 IST" duration-ms="21060" status="PASS">
          <params>
            <param index="0">
              <value>
                <![CDATA["Login #Login to application"]]>
              </value>
            </param>
            <param index="1">
              <value>
                <![CDATA["feature1"]]>
              </value>
            </param>
          </params>
          <reporter-output>
          </reporter-output>
        </test-method> <!-- runScenario -->
        <test-method signature="runScenario(io.cucumber.testng.PickleWrapper,io.cucumber.testng.FeatureWrapper)[pri:0, instance:runner.RunCucumberTest@74e28667]" started-at="2024-08-09T17:12:18 IST" name="runScenario" description="Runs Cucumber Scenarios" data-provider="scenarios" finished-at="2024-08-09T17:12:36 IST" duration-ms="18023" status="PASS">
          <params>
            <param index="0">
              <value>
                <![CDATA["Login #Login to application"]]>
              </value>
            </param>
            <param index="1">
              <value>
                <![CDATA["feature1"]]>
              </value>
            </param>
          </params>
          <reporter-output>
          </reporter-output>
        </test-method> <!-- runScenario -->
        <test-method is-config="true" signature="tearDownClass()[pri:0, instance:runner.RunCucumberTest@74e28667]" started-at="2024-08-09T17:12:36 IST" name="tearDownClass" finished-at="2024-08-09T17:12:36 IST" duration-ms="99" status="PASS">
          <reporter-output>
          </reporter-output>
        </test-method> <!-- tearDownClass -->
      </class> <!-- runner.RunCucumberTest -->
    </test> <!-- Default test -->
  </suite> <!-- Default suite -->
</testng-results>
